<?xml version="1.0" encoding="UTF-8"?>
<!-- Generated by org.testng.reporters.JUnitReportReporter -->
<testsuite hostname="Denisa" failures="0" tests="2" name="comLuma.testCases.TC_LoginDDT" time="6.455" errors="0" timestamp="2024-01-09T13:31:06 EET" skipped="0">
  <testcase classname="comLuma.testCases.TC_LoginDDT" name="loginDDT" time="5.047"/>
  <testcase classname="comLuma.testCases.TC_LoginDDT" name="loginDDT" time="1.408"/>
</testsuite> <!-- comLuma.testCases.TC_LoginDDT -->
